{"/home/abdullah/Downloads/task-manager/server.js": {"path":"/home/abdullah/Downloads/task-manager/server.js","statementMap":{"0":{"start":{"line":1,"column":16},"end":{"line":1,"column":34}},"1":{"start":{"line":2,"column":13},"end":{"line":2,"column":28}},"2":{"start":{"line":4,"column":12},"end":{"line":4,"column":21}},"3":{"start":{"line":5,"column":0},"end":{"line":5,"column":24}},"4":{"start":{"line":6,"column":0},"end":{"line":6,"column":56}},"5":{"start":{"line":9,"column":12},"end":{"line":13,"column":1}},"6":{"start":{"line":14,"column":13},"end":{"line":14,"column":14}},"7":{"start":{"line":17,"column":0},"end":{"line":19,"column":3}},"8":{"start":{"line":18,"column":2},"end":{"line":18,"column":41}},"9":{"start":{"line":21,"column":0},"end":{"line":23,"column":3}},"10":{"start":{"line":22,"column":2},"end":{"line":22,"column":18}},"11":{"start":{"line":25,"column":0},"end":{"line":33,"column":3}},"12":{"start":{"line":26,"column":20},"end":{"line":26,"column":28}},"13":{"start":{"line":27,"column":2},"end":{"line":29,"column":3}},"14":{"start":{"line":28,"column":4},"end":{"line":28,"column":64}},"15":{"start":{"line":30,"column":15},"end":{"line":30,"column":65}},"16":{"start":{"line":31,"column":2},"end":{"line":31,"column":19}},"17":{"start":{"line":32,"column":2},"end":{"line":32,"column":29}},"18":{"start":{"line":35,"column":0},"end":{"line":45,"column":3}},"19":{"start":{"line":36,"column":13},"end":{"line":36,"column":40}},"20":{"start":{"line":37,"column":15},"end":{"line":37,"column":45}},"21":{"start":{"line":37,"column":33},"end":{"line":37,"column":44}},"22":{"start":{"line":38,"column":2},"end":{"line":38,"column":70}},"23":{"start":{"line":38,"column":13},"end":{"line":38,"column":70}},"24":{"start":{"line":40,"column":26},"end":{"line":40,"column":34}},"25":{"start":{"line":41,"column":2},"end":{"line":41,"column":46}},"26":{"start":{"line":41,"column":27},"end":{"line":41,"column":46}},"27":{"start":{"line":42,"column":2},"end":{"line":42,"column":43}},"28":{"start":{"line":42,"column":26},"end":{"line":42,"column":43}},"29":{"start":{"line":44,"column":2},"end":{"line":44,"column":17}},"30":{"start":{"line":47,"column":0},"end":{"line":54,"column":3}},"31":{"start":{"line":48,"column":13},"end":{"line":48,"column":40}},"32":{"start":{"line":49,"column":17},"end":{"line":49,"column":47}},"33":{"start":{"line":49,"column":35},"end":{"line":49,"column":46}},"34":{"start":{"line":50,"column":2},"end":{"line":50,"column":72}},"35":{"start":{"line":50,"column":15},"end":{"line":50,"column":72}},"36":{"start":{"line":52,"column":2},"end":{"line":52,"column":43}},"37":{"start":{"line":52,"column":30},"end":{"line":52,"column":41}},"38":{"start":{"line":53,"column":2},"end":{"line":53,"column":25}},"39":{"start":{"line":57,"column":0},"end":{"line":62,"column":1}},"40":{"start":{"line":58,"column":15},"end":{"line":58,"column":39}},"41":{"start":{"line":59,"column":2},"end":{"line":61,"column":5}},"42":{"start":{"line":60,"column":4},"end":{"line":60,"column":68}},"43":{"start":{"line":64,"column":0},"end":{"line":64,"column":21}}},"fnMap":{"0":{"name":"(anonymous_0)","decl":{"start":{"line":17,"column":19},"end":{"line":17,"column":20}},"loc":{"start":{"line":17,"column":33},"end":{"line":19,"column":1}},"line":17},"1":{"name":"(anonymous_1)","decl":{"start":{"line":21,"column":22},"end":{"line":21,"column":23}},"loc":{"start":{"line":21,"column":36},"end":{"line":23,"column":1}},"line":21},"2":{"name":"(anonymous_2)","decl":{"start":{"line":25,"column":23},"end":{"line":25,"column":24}},"loc":{"start":{"line":25,"column":37},"end":{"line":33,"column":1}},"line":25},"3":{"name":"(anonymous_3)","decl":{"start":{"line":35,"column":26},"end":{"line":35,"column":27}},"loc":{"start":{"line":35,"column":40},"end":{"line":45,"column":1}},"line":35},"4":{"name":"(anonymous_4)","decl":{"start":{"line":37,"column":26},"end":{"line":37,"column":27}},"loc":{"start":{"line":37,"column":33},"end":{"line":37,"column":44}},"line":37},"5":{"name":"(anonymous_5)","decl":{"start":{"line":47,"column":29},"end":{"line":47,"column":30}},"loc":{"start":{"line":47,"column":43},"end":{"line":54,"column":1}},"line":47},"6":{"name":"(anonymous_6)","decl":{"start":{"line":49,"column":28},"end":{"line":49,"column":29}},"loc":{"start":{"line":49,"column":35},"end":{"line":49,"column":46}},"line":49},"7":{"name":"(anonymous_7)","decl":{"start":{"line":52,"column":23},"end":{"line":52,"column":24}},"loc":{"start":{"line":52,"column":30},"end":{"line":52,"column":41}},"line":52},"8":{"name":"(anonymous_8)","decl":{"start":{"line":59,"column":19},"end":{"line":59,"column":20}},"loc":{"start":{"line":59,"column":25},"end":{"line":61,"column":3}},"line":59}},"branchMap":{"0":{"loc":{"start":{"line":27,"column":2},"end":{"line":29,"column":3}},"type":"if","locations":[{"start":{"line":27,"column":2},"end":{"line":29,"column":3}},{"start":{},"end":{}}],"line":27},"1":{"loc":{"start":{"line":27,"column":6},"end":{"line":27,"column":58}},"type":"binary-expr","locations":[{"start":{"line":27,"column":6},"end":{"line":27,"column":12}},{"start":{"line":27,"column":16},"end":{"line":27,"column":41}},{"start":{"line":27,"column":45},"end":{"line":27,"column":58}}],"line":27},"2":{"loc":{"start":{"line":38,"column":2},"end":{"line":38,"column":70}},"type":"if","locations":[{"start":{"line":38,"column":2},"end":{"line":38,"column":70}},{"start":{},"end":{}}],"line":38},"3":{"loc":{"start":{"line":41,"column":2},"end":{"line":41,"column":46}},"type":"if","locations":[{"start":{"line":41,"column":2},"end":{"line":41,"column":46}},{"start":{},"end":{}}],"line":41},"4":{"loc":{"start":{"line":42,"column":2},"end":{"line":42,"column":43}},"type":"if","locations":[{"start":{"line":42,"column":2},"end":{"line":42,"column":43}},{"start":{},"end":{}}],"line":42},"5":{"loc":{"start":{"line":50,"column":2},"end":{"line":50,"column":72}},"type":"if","locations":[{"start":{"line":50,"column":2},"end":{"line":50,"column":72}},{"start":{},"end":{}}],"line":50},"6":{"loc":{"start":{"line":57,"column":0},"end":{"line":62,"column":1}},"type":"if","locations":[{"start":{"line":57,"column":0},"end":{"line":62,"column":1}},{"start":{},"end":{}}],"line":57},"7":{"loc":{"start":{"line":58,"column":15},"end":{"line":58,"column":39}},"type":"binary-expr","locations":[{"start":{"line":58,"column":15},"end":{"line":58,"column":31}},{"start":{"line":58,"column":35},"end":{"line":58,"column":39}}],"line":58}},"s":{"0":1,"1":1,"2":1,"3":1,"4":1,"5":1,"6":1,"7":1,"8":1,"9":1,"10":2,"11":1,"12":4,"13":4,"14":1,"15":3,"16":3,"17":3,"18":1,"19":2,"20":2,"21":10,"22":2,"23":1,"24":1,"25":1,"26":0,"27":1,"28":1,"29":1,"30":1,"31":1,"32":1,"33":6,"34":1,"35":0,"36":1,"37":6,"38":1,"39":1,"40":0,"41":0,"42":0,"43":1},"f":{"0":1,"1":2,"2":4,"3":2,"4":10,"5":1,"6":6,"7":6,"8":0},"b":{"0":[1,3],"1":[4,3,3],"2":[1,1],"3":[0,1],"4":[1,0],"5":[0,1],"6":[0,1],"7":[0,0]},"_coverageSchema":"1a1c01bbd47fc00a2c39e90264f33305004495a9","hash":"7e41d1b6b295e14b185e3196facf4ddea5e6a142"}
}
