TN:
SF:server.js
FN:17,(anonymous_0)
FN:21,(anonymous_1)
FN:25,(anonymous_2)
FN:35,(anonymous_3)
FN:37,(anonymous_4)
FN:47,(anonymous_5)
FN:49,(anonymous_6)
FN:52,(anonymous_7)
FN:59,(anonymous_8)
FNF:9
FNH:8
FNDA:1,(anonymous_0)
FNDA:2,(anonymous_1)
FNDA:4,(anonymous_2)
FNDA:2,(anonymous_3)
FNDA:10,(anonymous_4)
FNDA:1,(anonymous_5)
FNDA:6,(anonymous_6)
FNDA:6,(anonymous_7)
FNDA:0,(anonymous_8)
DA:1,1
DA:2,1
DA:4,1
DA:5,1
DA:6,1
DA:9,1
DA:14,1
DA:17,1
DA:18,1
DA:21,1
DA:22,2
DA:25,1
DA:26,4
DA:27,4
DA:28,1
DA:30,3
DA:31,3
DA:32,3
DA:35,1
DA:36,2
DA:37,10
DA:38,2
DA:40,1
DA:41,1
DA:42,1
DA:44,1
DA:47,1
DA:48,1
DA:49,6
DA:50,1
DA:52,6
DA:53,1
DA:57,1
DA:58,0
DA:59,0
DA:60,0
DA:64,1
LF:37
LH:34
BRDA:27,0,0,1
BRDA:27,0,1,3
BRDA:27,1,0,4
BRDA:27,1,1,3
BRDA:27,1,2,3
BRDA:38,2,0,1
BRDA:38,2,1,1
BRDA:41,3,0,0
BRDA:41,3,1,1
BRDA:42,4,0,1
BRDA:42,4,1,0
BRDA:50,5,0,0
BRDA:50,5,1,1
BRDA:57,6,0,0
BRDA:57,6,1,1
BRDA:58,7,0,0
BRDA:58,7,1,0
BRF:17
BRH:11
end_of_record
